# QubitSense Audit Log - 2025-08-23T10:44:36.986Z
# Configuration: {
  "enabled": true,
  "logLevel": "INFO",
  "maxLogSize": 10,
  "retentionDays": 90,
  "logToFile": true,
  "logToConsole": false,
  "encryptLogs": false,
  "sensitiveFields": [
    "password",
    "token",
    "secret",
    "key"
  ],
  "complianceMode": "NONE"
}
# ================================================================================
[2025-08-23T10:44:37.354Z] [INFO] [KeyRotationManager] [NEW_KEY_CREATED] [Session: session_1755945876979_d38pk22ly] [Outcome: SUCCESS]  [Details: {"keyId":"key_1755945877010_3e4b32bac52a7abd","reason":"Initial key creation","algorithm":"AES-256-GCM"}]
[2025-08-23T10:45:07.008Z] [WARNING] [RealTimeMonitor] [ALERT_TRIGGERED] [Session: session_1755945876979_d38pk22ly] [Outcome: SUCCESS]  [Details: {"rule":"High Memory Usage","event":"Performance event: 100ms","severity":"HIGH"}]
[2025-08-23T10:45:37.006Z] [WARNING] [RealTimeMonitor] [ALERT_TRIGGERED] [Session: session_1755945876979_d38pk22ly] [Outcome: SUCCESS]  [Details: {"rule":"High Memory Usage","event":"Performance event: 100ms","severity":"HIGH"}]
[2025-08-23T10:46:07.007Z] [WARNING] [RealTimeMonitor] [ALERT_TRIGGERED] [Session: session_1755945876979_d38pk22ly] [Outcome: SUCCESS]  [Details: {"rule":"High Memory Usage","event":"Performance event: 100ms","severity":"HIGH"}]
[2025-08-23T10:46:37.008Z] [WARNING] [RealTimeMonitor] [ALERT_TRIGGERED] [Session: session_1755945876979_d38pk22ly] [Outcome: SUCCESS]  [Details: {"rule":"High Memory Usage","event":"Performance event: 100ms","severity":"HIGH"}]
[2025-08-23T10:47:07.009Z] [WARNING] [RealTimeMonitor] [ALERT_TRIGGERED] [Session: session_1755945876979_d38pk22ly] [Outcome: SUCCESS]  [Details: {"rule":"High Memory Usage","event":"Performance event: 100ms","severity":"HIGH"}]
[2025-08-23T10:47:37.009Z] [WARNING] [RealTimeMonitor] [ALERT_TRIGGERED] [Session: session_1755945876979_d38pk22ly] [Outcome: SUCCESS]  [Details: {"rule":"High Memory Usage","event":"Performance event: 100ms","severity":"HIGH"}]
[2025-08-23T10:48:07.011Z] [WARNING] [RealTimeMonitor] [ALERT_TRIGGERED] [Session: session_1755945876979_d38pk22ly] [Outcome: SUCCESS]  [Details: {"rule":"High Memory Usage","event":"Performance event: 100ms","severity":"HIGH"}]
[2025-08-23T10:48:37.012Z] [WARNING] [RealTimeMonitor] [ALERT_TRIGGERED] [Session: session_1755945876979_d38pk22ly] [Outcome: SUCCESS]  [Details: {"rule":"High Memory Usage","event":"Performance event: 100ms","severity":"HIGH"}]
[2025-08-23T10:49:07.012Z] [WARNING] [RealTimeMonitor] [ALERT_TRIGGERED] [Session: session_1755945876979_d38pk22ly] [Outcome: SUCCESS]  [Details: {"rule":"High Memory Usage","event":"Performance event: 100ms","severity":"HIGH"}]
[2025-08-23T10:49:37.013Z] [WARNING] [RealTimeMonitor] [ALERT_TRIGGERED] [Session: session_1755945876979_d38pk22ly] [Outcome: SUCCESS]  [Details: {"rule":"High Memory Usage","event":"Performance event: 100ms","severity":"HIGH"}]
[2025-08-23T10:50:07.041Z] [WARNING] [RealTimeMonitor] [ALERT_TRIGGERED] [Session: session_1755945876979_d38pk22ly] [Outcome: SUCCESS]  [Details: {"rule":"High Memory Usage","event":"Performance event: 100ms","severity":"HIGH"}]
[2025-08-23T10:50:37.042Z] [WARNING] [RealTimeMonitor] [ALERT_TRIGGERED] [Session: session_1755945876979_d38pk22ly] [Outcome: SUCCESS]  [Details: {"rule":"High Memory Usage","event":"Performance event: 100ms","severity":"HIGH"}]
[2025-08-23T10:51:07.042Z] [WARNING] [RealTimeMonitor] [ALERT_TRIGGERED] [Session: session_1755945876979_d38pk22ly] [Outcome: SUCCESS]  [Details: {"rule":"High Memory Usage","event":"Performance event: 100ms","severity":"HIGH"}]
[2025-08-23T10:51:37.042Z] [WARNING] [RealTimeMonitor] [ALERT_TRIGGERED] [Session: session_1755945876979_d38pk22ly] [Outcome: SUCCESS]  [Details: {"rule":"High Memory Usage","event":"Performance event: 100ms","severity":"HIGH"}]
[2025-08-23T10:52:07.041Z] [WARNING] [RealTimeMonitor] [ALERT_TRIGGERED] [Session: session_1755945876979_d38pk22ly] [Outcome: SUCCESS]  [Details: {"rule":"High Memory Usage","event":"Performance event: 100ms","severity":"HIGH"}]
[2025-08-23T10:52:37.042Z] [WARNING] [RealTimeMonitor] [ALERT_TRIGGERED] [Session: session_1755945876979_d38pk22ly] [Outcome: SUCCESS]  [Details: {"rule":"High Memory Usage","event":"Performance event: 100ms","severity":"HIGH"}]
[2025-08-23T10:53:07.042Z] [WARNING] [RealTimeMonitor] [ALERT_TRIGGERED] [Session: session_1755945876979_d38pk22ly] [Outcome: SUCCESS]  [Details: {"rule":"High Memory Usage","event":"Performance event: 100ms","severity":"HIGH"}]
[2025-08-23T10:53:37.042Z] [WARNING] [RealTimeMonitor] [ALERT_TRIGGERED] [Session: session_1755945876979_d38pk22ly] [Outcome: SUCCESS]  [Details: {"rule":"High Memory Usage","event":"Performance event: 100ms","severity":"HIGH"}]
[2025-08-23T10:54:07.042Z] [WARNING] [RealTimeMonitor] [ALERT_TRIGGERED] [Session: session_1755945876979_d38pk22ly] [Outcome: SUCCESS]  [Details: {"rule":"High Memory Usage","event":"Performance event: 100ms","severity":"HIGH"}]
[2025-08-23T10:54:37.042Z] [WARNING] [RealTimeMonitor] [ALERT_TRIGGERED] [Session: session_1755945876979_d38pk22ly] [Outcome: SUCCESS]  [Details: {"rule":"High Memory Usage","event":"Performance event: 100ms","severity":"HIGH"}]
[2025-08-23T10:55:07.042Z] [WARNING] [RealTimeMonitor] [ALERT_TRIGGERED] [Session: session_1755945876979_d38pk22ly] [Outcome: SUCCESS]  [Details: {"rule":"High Memory Usage","event":"Performance event: 100ms","severity":"HIGH"}]
[2025-08-23T10:55:37.043Z] [WARNING] [RealTimeMonitor] [ALERT_TRIGGERED] [Session: session_1755945876979_d38pk22ly] [Outcome: SUCCESS]  [Details: {"rule":"High Memory Usage","event":"Performance event: 100ms","severity":"HIGH"}]
[2025-08-23T10:56:07.045Z] [WARNING] [RealTimeMonitor] [ALERT_TRIGGERED] [Session: session_1755945876979_d38pk22ly] [Outcome: SUCCESS]  [Details: {"rule":"High Memory Usage","event":"Performance event: 100ms","severity":"HIGH"}]
[2025-08-23T10:56:37.045Z] [WARNING] [RealTimeMonitor] [ALERT_TRIGGERED] [Session: session_1755945876979_d38pk22ly] [Outcome: SUCCESS]  [Details: {"rule":"High Memory Usage","event":"Performance event: 100ms","severity":"HIGH"}]
[2025-08-23T10:57:07.047Z] [WARNING] [RealTimeMonitor] [ALERT_TRIGGERED] [Session: session_1755945876979_d38pk22ly] [Outcome: SUCCESS]  [Details: {"rule":"High Memory Usage","event":"Performance event: 100ms","severity":"HIGH"}]
[2025-08-23T10:57:37.048Z] [WARNING] [RealTimeMonitor] [ALERT_TRIGGERED] [Session: session_1755945876979_d38pk22ly] [Outcome: SUCCESS]  [Details: {"rule":"High Memory Usage","event":"Performance event: 100ms","severity":"HIGH"}]
[2025-08-23T10:58:07.047Z] [WARNING] [RealTimeMonitor] [ALERT_TRIGGERED] [Session: session_1755945876979_d38pk22ly] [Outcome: SUCCESS]  [Details: {"rule":"High Memory Usage","event":"Performance event: 100ms","severity":"HIGH"}]
[2025-08-23T10:58:37.048Z] [WARNING] [RealTimeMonitor] [ALERT_TRIGGERED] [Session: session_1755945876979_d38pk22ly] [Outcome: SUCCESS]  [Details: {"rule":"High Memory Usage","event":"Performance event: 100ms","severity":"HIGH"}]
[2025-08-23T10:59:07.049Z] [WARNING] [RealTimeMonitor] [ALERT_TRIGGERED] [Session: session_1755945876979_d38pk22ly] [Outcome: SUCCESS]  [Details: {"rule":"High Memory Usage","event":"Performance event: 100ms","severity":"HIGH"}]
[2025-08-23T10:59:37.049Z] [WARNING] [RealTimeMonitor] [ALERT_TRIGGERED] [Session: session_1755945876979_d38pk22ly] [Outcome: SUCCESS]  [Details: {"rule":"High Memory Usage","event":"Performance event: 100ms","severity":"HIGH"}]
[2025-08-23T11:00:07.049Z] [WARNING] [RealTimeMonitor] [ALERT_TRIGGERED] [Session: session_1755945876979_d38pk22ly] [Outcome: SUCCESS]  [Details: {"rule":"High Memory Usage","event":"Performance event: 100ms","severity":"HIGH"}]
[2025-08-23T11:00:37.048Z] [WARNING] [RealTimeMonitor] [ALERT_TRIGGERED] [Session: session_1755945876979_d38pk22ly] [Outcome: SUCCESS]  [Details: {"rule":"High Memory Usage","event":"Performance event: 100ms","severity":"HIGH"}]
[2025-08-23T11:01:07.049Z] [WARNING] [RealTimeMonitor] [ALERT_TRIGGERED] [Session: session_1755945876979_d38pk22ly] [Outcome: SUCCESS]  [Details: {"rule":"High Memory Usage","event":"Performance event: 100ms","severity":"HIGH"}]
[2025-08-23T11:01:37.049Z] [WARNING] [RealTimeMonitor] [ALERT_TRIGGERED] [Session: session_1755945876979_d38pk22ly] [Outcome: SUCCESS]  [Details: {"rule":"High Memory Usage","event":"Performance event: 100ms","severity":"HIGH"}]
[2025-08-23T11:02:07.049Z] [WARNING] [RealTimeMonitor] [ALERT_TRIGGERED] [Session: session_1755945876979_d38pk22ly] [Outcome: SUCCESS]  [Details: {"rule":"High Memory Usage","event":"Performance event: 100ms","severity":"HIGH"}]
[2025-08-23T11:02:37.049Z] [WARNING] [RealTimeMonitor] [ALERT_TRIGGERED] [Session: session_1755945876979_d38pk22ly] [Outcome: SUCCESS]  [Details: {"rule":"High Memory Usage","event":"Performance event: 100ms","severity":"HIGH"}]
[2025-08-23T11:03:07.050Z] [WARNING] [RealTimeMonitor] [ALERT_TRIGGERED] [Session: session_1755945876979_d38pk22ly] [Outcome: SUCCESS]  [Details: {"rule":"High Memory Usage","event":"Performance event: 100ms","severity":"HIGH"}]
[2025-08-23T11:03:37.051Z] [WARNING] [RealTimeMonitor] [ALERT_TRIGGERED] [Session: session_1755945876979_d38pk22ly] [Outcome: SUCCESS]  [Details: {"rule":"High Memory Usage","event":"Performance event: 100ms","severity":"HIGH"}]
[2025-08-23T11:04:07.052Z] [WARNING] [RealTimeMonitor] [ALERT_TRIGGERED] [Session: session_1755945876979_d38pk22ly] [Outcome: SUCCESS]  [Details: {"rule":"High Memory Usage","event":"Performance event: 100ms","severity":"HIGH"}]
[2025-08-23T11:04:37.054Z] [WARNING] [RealTimeMonitor] [ALERT_TRIGGERED] [Session: session_1755945876979_d38pk22ly] [Outcome: SUCCESS]  [Details: {"rule":"High Memory Usage","event":"Performance event: 100ms","severity":"HIGH"}]
[2025-08-23T11:05:07.054Z] [WARNING] [RealTimeMonitor] [ALERT_TRIGGERED] [Session: session_1755945876979_d38pk22ly] [Outcome: SUCCESS]  [Details: {"rule":"High Memory Usage","event":"Performance event: 100ms","severity":"HIGH"}]
[2025-08-23T11:05:37.055Z] [WARNING] [RealTimeMonitor] [ALERT_TRIGGERED] [Session: session_1755945876979_d38pk22ly] [Outcome: SUCCESS]  [Details: {"rule":"High Memory Usage","event":"Performance event: 100ms","severity":"HIGH"}]
[2025-08-23T11:06:07.055Z] [WARNING] [RealTimeMonitor] [ALERT_TRIGGERED] [Session: session_1755945876979_d38pk22ly] [Outcome: SUCCESS]  [Details: {"rule":"High Memory Usage","event":"Performance event: 100ms","severity":"HIGH"}]
[2025-08-23T11:06:37.056Z] [WARNING] [RealTimeMonitor] [ALERT_TRIGGERED] [Session: session_1755945876979_d38pk22ly] [Outcome: SUCCESS]  [Details: {"rule":"High Memory Usage","event":"Performance event: 100ms","severity":"HIGH"}]
[2025-08-23T11:07:07.056Z] [WARNING] [RealTimeMonitor] [ALERT_TRIGGERED] [Session: session_1755945876979_d38pk22ly] [Outcome: SUCCESS]  [Details: {"rule":"High Memory Usage","event":"Performance event: 100ms","severity":"HIGH"}]
[2025-08-23T11:07:37.056Z] [WARNING] [RealTimeMonitor] [ALERT_TRIGGERED] [Session: session_1755945876979_d38pk22ly] [Outcome: SUCCESS]  [Details: {"rule":"High Memory Usage","event":"Performance event: 100ms","severity":"HIGH"}]
[2025-08-23T11:08:07.057Z] [WARNING] [RealTimeMonitor] [ALERT_TRIGGERED] [Session: session_1755945876979_d38pk22ly] [Outcome: SUCCESS]  [Details: {"rule":"High Memory Usage","event":"Performance event: 100ms","severity":"HIGH"}]
[2025-08-23T11:08:37.057Z] [WARNING] [RealTimeMonitor] [ALERT_TRIGGERED] [Session: session_1755945876979_d38pk22ly] [Outcome: SUCCESS]  [Details: {"rule":"High Memory Usage","event":"Performance event: 100ms","severity":"HIGH"}]
[2025-08-23T11:09:07.057Z] [WARNING] [RealTimeMonitor] [ALERT_TRIGGERED] [Session: session_1755945876979_d38pk22ly] [Outcome: SUCCESS]  [Details: {"rule":"High Memory Usage","event":"Performance event: 100ms","severity":"HIGH"}]
[2025-08-23T11:09:37.056Z] [WARNING] [RealTimeMonitor] [ALERT_TRIGGERED] [Session: session_1755945876979_d38pk22ly] [Outcome: SUCCESS]  [Details: {"rule":"High Memory Usage","event":"Performance event: 100ms","severity":"HIGH"}]
[2025-08-23T11:10:07.056Z] [WARNING] [RealTimeMonitor] [ALERT_TRIGGERED] [Session: session_1755945876979_d38pk22ly] [Outcome: SUCCESS]  [Details: {"rule":"High Memory Usage","event":"Performance event: 100ms","severity":"HIGH"}]
[2025-08-23T11:10:37.056Z] [WARNING] [RealTimeMonitor] [ALERT_TRIGGERED] [Session: session_1755945876979_d38pk22ly] [Outcome: SUCCESS]  [Details: {"rule":"High Memory Usage","event":"Performance event: 100ms","severity":"HIGH"}]
[2025-08-23T11:11:07.056Z] [WARNING] [RealTimeMonitor] [ALERT_TRIGGERED] [Session: session_1755945876979_d38pk22ly] [Outcome: SUCCESS]  [Details: {"rule":"High Memory Usage","event":"Performance event: 100ms","severity":"HIGH"}]
[2025-08-23T11:11:37.058Z] [WARNING] [RealTimeMonitor] [ALERT_TRIGGERED] [Session: session_1755945876979_d38pk22ly] [Outcome: SUCCESS]  [Details: {"rule":"High Memory Usage","event":"Performance event: 100ms","severity":"HIGH"}]
[2025-08-23T11:12:07.058Z] [WARNING] [RealTimeMonitor] [ALERT_TRIGGERED] [Session: session_1755945876979_d38pk22ly] [Outcome: SUCCESS]  [Details: {"rule":"High Memory Usage","event":"Performance event: 100ms","severity":"HIGH"}]
[2025-08-23T11:12:37.470Z] [WARNING] [RealTimeMonitor] [ALERT_TRIGGERED] [Session: session_1755945876979_d38pk22ly] [Outcome: SUCCESS]  [Details: {"rule":"High Memory Usage","event":"Performance event: 100ms","severity":"HIGH"}]
[2025-08-23T11:13:07.469Z] [WARNING] [RealTimeMonitor] [ALERT_TRIGGERED] [Session: session_1755945876979_d38pk22ly] [Outcome: SUCCESS]  [Details: {"rule":"High Memory Usage","event":"Performance event: 100ms","severity":"HIGH"}]
[2025-08-23T11:13:37.469Z] [WARNING] [RealTimeMonitor] [ALERT_TRIGGERED] [Session: session_1755945876979_d38pk22ly] [Outcome: SUCCESS]  [Details: {"rule":"High Memory Usage","event":"Performance event: 100ms","severity":"HIGH"}]
[2025-08-23T11:14:07.470Z] [WARNING] [RealTimeMonitor] [ALERT_TRIGGERED] [Session: session_1755945876979_d38pk22ly] [Outcome: SUCCESS]  [Details: {"rule":"High Memory Usage","event":"Performance event: 100ms","severity":"HIGH"}]
[2025-08-23T11:14:37.471Z] [WARNING] [RealTimeMonitor] [ALERT_TRIGGERED] [Session: session_1755945876979_d38pk22ly] [Outcome: SUCCESS]  [Details: {"rule":"High Memory Usage","event":"Performance event: 100ms","severity":"HIGH"}]
[2025-08-23T11:15:07.472Z] [WARNING] [RealTimeMonitor] [ALERT_TRIGGERED] [Session: session_1755945876979_d38pk22ly] [Outcome: SUCCESS]  [Details: {"rule":"High Memory Usage","event":"Performance event: 100ms","severity":"HIGH"}]
[2025-08-23T11:15:37.472Z] [WARNING] [RealTimeMonitor] [ALERT_TRIGGERED] [Session: session_1755945876979_d38pk22ly] [Outcome: SUCCESS]  [Details: {"rule":"High Memory Usage","event":"Performance event: 100ms","severity":"HIGH"}]
[2025-08-23T11:16:07.477Z] [WARNING] [RealTimeMonitor] [ALERT_TRIGGERED] [Session: session_1755945876979_d38pk22ly] [Outcome: SUCCESS]  [Details: {"rule":"High Memory Usage","event":"Performance event: 100ms","severity":"HIGH"}]
[2025-08-23T11:16:37.477Z] [WARNING] [RealTimeMonitor] [ALERT_TRIGGERED] [Session: session_1755945876979_d38pk22ly] [Outcome: SUCCESS]  [Details: {"rule":"High Memory Usage","event":"Performance event: 100ms","severity":"HIGH"}]
[2025-08-23T11:17:07.477Z] [WARNING] [RealTimeMonitor] [ALERT_TRIGGERED] [Session: session_1755945876979_d38pk22ly] [Outcome: SUCCESS]  [Details: {"rule":"High Memory Usage","event":"Performance event: 100ms","severity":"HIGH"}]
[2025-08-23T11:17:37.478Z] [WARNING] [RealTimeMonitor] [ALERT_TRIGGERED] [Session: session_1755945876979_d38pk22ly] [Outcome: SUCCESS]  [Details: {"rule":"High Memory Usage","event":"Performance event: 100ms","severity":"HIGH"}]
[2025-08-23T11:18:07.479Z] [WARNING] [RealTimeMonitor] [ALERT_TRIGGERED] [Session: session_1755945876979_d38pk22ly] [Outcome: SUCCESS]  [Details: {"rule":"High Memory Usage","event":"Performance event: 100ms","severity":"HIGH"}]
[2025-08-23T11:18:37.479Z] [WARNING] [RealTimeMonitor] [ALERT_TRIGGERED] [Session: session_1755945876979_d38pk22ly] [Outcome: SUCCESS]  [Details: {"rule":"High Memory Usage","event":"Performance event: 100ms","severity":"HIGH"}]
[2025-08-23T11:19:07.480Z] [WARNING] [RealTimeMonitor] [ALERT_TRIGGERED] [Session: session_1755945876979_d38pk22ly] [Outcome: SUCCESS]  [Details: {"rule":"High Memory Usage","event":"Performance event: 100ms","severity":"HIGH"}]
[2025-08-23T11:19:37.483Z] [WARNING] [RealTimeMonitor] [ALERT_TRIGGERED] [Session: session_1755945876979_d38pk22ly] [Outcome: SUCCESS]  [Details: {"rule":"High Memory Usage","event":"Performance event: 100ms","severity":"HIGH"}]
[2025-08-23T11:20:07.484Z] [WARNING] [RealTimeMonitor] [ALERT_TRIGGERED] [Session: session_1755945876979_d38pk22ly] [Outcome: SUCCESS]  [Details: {"rule":"High Memory Usage","event":"Performance event: 100ms","severity":"HIGH"}]
[2025-08-23T11:20:37.483Z] [WARNING] [RealTimeMonitor] [ALERT_TRIGGERED] [Session: session_1755945876979_d38pk22ly] [Outcome: SUCCESS]  [Details: {"rule":"High Memory Usage","event":"Performance event: 100ms","severity":"HIGH"}]
[2025-08-23T11:21:07.483Z] [WARNING] [RealTimeMonitor] [ALERT_TRIGGERED] [Session: session_1755945876979_d38pk22ly] [Outcome: SUCCESS]  [Details: {"rule":"High Memory Usage","event":"Performance event: 100ms","severity":"HIGH"}]
[2025-08-23T11:21:37.484Z] [WARNING] [RealTimeMonitor] [ALERT_TRIGGERED] [Session: session_1755945876979_d38pk22ly] [Outcome: SUCCESS]  [Details: {"rule":"High Memory Usage","event":"Performance event: 100ms","severity":"HIGH"}]
[2025-08-23T11:22:07.487Z] [WARNING] [RealTimeMonitor] [ALERT_TRIGGERED] [Session: session_1755945876979_d38pk22ly] [Outcome: SUCCESS]  [Details: {"rule":"High Memory Usage","event":"Performance event: 100ms","severity":"HIGH"}]
[2025-08-23T11:22:37.489Z] [WARNING] [RealTimeMonitor] [ALERT_TRIGGERED] [Session: session_1755945876979_d38pk22ly] [Outcome: SUCCESS]  [Details: {"rule":"High Memory Usage","event":"Performance event: 100ms","severity":"HIGH"}]
[2025-08-23T11:23:07.489Z] [WARNING] [RealTimeMonitor] [ALERT_TRIGGERED] [Session: session_1755945876979_d38pk22ly] [Outcome: SUCCESS]  [Details: {"rule":"High Memory Usage","event":"Performance event: 100ms","severity":"HIGH"}]
[2025-08-23T11:23:37.490Z] [WARNING] [RealTimeMonitor] [ALERT_TRIGGERED] [Session: session_1755945876979_d38pk22ly] [Outcome: SUCCESS]  [Details: {"rule":"High Memory Usage","event":"Performance event: 100ms","severity":"HIGH"}]
[2025-08-23T11:24:07.490Z] [WARNING] [RealTimeMonitor] [ALERT_TRIGGERED] [Session: session_1755945876979_d38pk22ly] [Outcome: SUCCESS]  [Details: {"rule":"High Memory Usage","event":"Performance event: 100ms","severity":"HIGH"}]
[2025-08-23T11:24:37.490Z] [WARNING] [RealTimeMonitor] [ALERT_TRIGGERED] [Session: session_1755945876979_d38pk22ly] [Outcome: SUCCESS]  [Details: {"rule":"High Memory Usage","event":"Performance event: 100ms","severity":"HIGH"}]
[2025-08-23T11:25:07.490Z] [WARNING] [RealTimeMonitor] [ALERT_TRIGGERED] [Session: session_1755945876979_d38pk22ly] [Outcome: SUCCESS]  [Details: {"rule":"High Memory Usage","event":"Performance event: 100ms","severity":"HIGH"}]
[2025-08-23T11:25:37.492Z] [WARNING] [RealTimeMonitor] [ALERT_TRIGGERED] [Session: session_1755945876979_d38pk22ly] [Outcome: SUCCESS]  [Details: {"rule":"High Memory Usage","event":"Performance event: 100ms","severity":"HIGH"}]
[2025-08-23T11:26:07.492Z] [WARNING] [RealTimeMonitor] [ALERT_TRIGGERED] [Session: session_1755945876979_d38pk22ly] [Outcome: SUCCESS]  [Details: {"rule":"High Memory Usage","event":"Performance event: 100ms","severity":"HIGH"}]
[2025-08-23T11:26:37.492Z] [WARNING] [RealTimeMonitor] [ALERT_TRIGGERED] [Session: session_1755945876979_d38pk22ly] [Outcome: SUCCESS]  [Details: {"rule":"High Memory Usage","event":"Performance event: 100ms","severity":"HIGH"}]
[2025-08-23T11:27:07.491Z] [WARNING] [RealTimeMonitor] [ALERT_TRIGGERED] [Session: session_1755945876979_d38pk22ly] [Outcome: SUCCESS]  [Details: {"rule":"High Memory Usage","event":"Performance event: 100ms","severity":"HIGH"}]
[2025-08-23T11:27:37.492Z] [WARNING] [RealTimeMonitor] [ALERT_TRIGGERED] [Session: session_1755945876979_d38pk22ly] [Outcome: SUCCESS]  [Details: {"rule":"High Memory Usage","event":"Performance event: 100ms","severity":"HIGH"}]
[2025-08-23T11:28:07.491Z] [WARNING] [RealTimeMonitor] [ALERT_TRIGGERED] [Session: session_1755945876979_d38pk22ly] [Outcome: SUCCESS]  [Details: {"rule":"High Memory Usage","event":"Performance event: 100ms","severity":"HIGH"}]
[2025-08-23T11:28:37.492Z] [WARNING] [RealTimeMonitor] [ALERT_TRIGGERED] [Session: session_1755945876979_d38pk22ly] [Outcome: SUCCESS]  [Details: {"rule":"High Memory Usage","event":"Performance event: 100ms","severity":"HIGH"}]
[2025-08-23T11:29:07.496Z] [WARNING] [RealTimeMonitor] [ALERT_TRIGGERED] [Session: session_1755945876979_d38pk22ly] [Outcome: SUCCESS]  [Details: {"rule":"High Memory Usage","event":"Performance event: 100ms","severity":"HIGH"}]
[2025-08-23T11:29:37.496Z] [WARNING] [RealTimeMonitor] [ALERT_TRIGGERED] [Session: session_1755945876979_d38pk22ly] [Outcome: SUCCESS]  [Details: {"rule":"High Memory Usage","event":"Performance event: 100ms","severity":"HIGH"}]
[2025-08-23T11:30:07.497Z] [WARNING] [RealTimeMonitor] [ALERT_TRIGGERED] [Session: session_1755945876979_d38pk22ly] [Outcome: SUCCESS]  [Details: {"rule":"High Memory Usage","event":"Performance event: 100ms","severity":"HIGH"}]
[2025-08-23T11:30:37.498Z] [WARNING] [RealTimeMonitor] [ALERT_TRIGGERED] [Session: session_1755945876979_d38pk22ly] [Outcome: SUCCESS]  [Details: {"rule":"High Memory Usage","event":"Performance event: 100ms","severity":"HIGH"}]
[2025-08-23T11:31:07.498Z] [WARNING] [RealTimeMonitor] [ALERT_TRIGGERED] [Session: session_1755945876979_d38pk22ly] [Outcome: SUCCESS]  [Details: {"rule":"High Memory Usage","event":"Performance event: 100ms","severity":"HIGH"}]
[2025-08-23T11:31:37.904Z] [WARNING] [RealTimeMonitor] [ALERT_TRIGGERED] [Session: session_1755945876979_d38pk22ly] [Outcome: SUCCESS]  [Details: {"rule":"High Memory Usage","event":"Performance event: 100ms","severity":"HIGH"}]
[2025-08-23T11:32:08.376Z] [WARNING] [RealTimeMonitor] [ALERT_TRIGGERED] [Session: session_1755945876979_d38pk22ly] [Outcome: SUCCESS]  [Details: {"rule":"High Memory Usage","event":"Performance event: 100ms","severity":"HIGH"}]
[2025-08-23T11:32:38.377Z] [WARNING] [RealTimeMonitor] [ALERT_TRIGGERED] [Session: session_1755945876979_d38pk22ly] [Outcome: SUCCESS]  [Details: {"rule":"High Memory Usage","event":"Performance event: 100ms","severity":"HIGH"}]
[2025-08-23T11:33:08.378Z] [WARNING] [RealTimeMonitor] [ALERT_TRIGGERED] [Session: session_1755945876979_d38pk22ly] [Outcome: SUCCESS]  [Details: {"rule":"High Memory Usage","event":"Performance event: 100ms","severity":"HIGH"}]
[2025-08-23T11:33:38.379Z] [WARNING] [RealTimeMonitor] [ALERT_TRIGGERED] [Session: session_1755945876979_d38pk22ly] [Outcome: SUCCESS]  [Details: {"rule":"High Memory Usage","event":"Performance event: 100ms","severity":"HIGH"}]
[2025-08-23T11:34:08.380Z] [WARNING] [RealTimeMonitor] [ALERT_TRIGGERED] [Session: session_1755945876979_d38pk22ly] [Outcome: SUCCESS]  [Details: {"rule":"High Memory Usage","event":"Performance event: 100ms","severity":"HIGH"}]
[2025-08-23T11:34:38.381Z] [WARNING] [RealTimeMonitor] [ALERT_TRIGGERED] [Session: session_1755945876979_d38pk22ly] [Outcome: SUCCESS]  [Details: {"rule":"High Memory Usage","event":"Performance event: 100ms","severity":"HIGH"}]
[2025-08-23T11:35:08.382Z] [WARNING] [RealTimeMonitor] [ALERT_TRIGGERED] [Session: session_1755945876979_d38pk22ly] [Outcome: SUCCESS]  [Details: {"rule":"High Memory Usage","event":"Performance event: 100ms","severity":"HIGH"}]
[2025-08-23T11:35:38.383Z] [WARNING] [RealTimeMonitor] [ALERT_TRIGGERED] [Session: session_1755945876979_d38pk22ly] [Outcome: SUCCESS]  [Details: {"rule":"High Memory Usage","event":"Performance event: 100ms","severity":"HIGH"}]
[2025-08-23T11:36:08.384Z] [WARNING] [RealTimeMonitor] [ALERT_TRIGGERED] [Session: session_1755945876979_d38pk22ly] [Outcome: SUCCESS]  [Details: {"rule":"High Memory Usage","event":"Performance event: 100ms","severity":"HIGH"}]
[2025-08-23T11:36:38.385Z] [WARNING] [RealTimeMonitor] [ALERT_TRIGGERED] [Session: session_1755945876979_d38pk22ly] [Outcome: SUCCESS]  [Details: {"rule":"High Memory Usage","event":"Performance event: 100ms","severity":"HIGH"}]
[2025-08-23T11:37:08.405Z] [WARNING] [RealTimeMonitor] [ALERT_TRIGGERED] [Session: session_1755945876979_d38pk22ly] [Outcome: SUCCESS]  [Details: {"rule":"High Memory Usage","event":"Performance event: 100ms","severity":"HIGH"}]
[2025-08-23T11:37:38.405Z] [WARNING] [RealTimeMonitor] [ALERT_TRIGGERED] [Session: session_1755945876979_d38pk22ly] [Outcome: SUCCESS]  [Details: {"rule":"High Memory Usage","event":"Performance event: 100ms","severity":"HIGH"}]
[2025-08-23T11:38:08.407Z] [WARNING] [RealTimeMonitor] [ALERT_TRIGGERED] [Session: session_1755945876979_d38pk22ly] [Outcome: SUCCESS]  [Details: {"rule":"High Memory Usage","event":"Performance event: 100ms","severity":"HIGH"}]
[2025-08-23T11:38:38.407Z] [WARNING] [RealTimeMonitor] [ALERT_TRIGGERED] [Session: session_1755945876979_d38pk22ly] [Outcome: SUCCESS]  [Details: {"rule":"High Memory Usage","event":"Performance event: 100ms","severity":"HIGH"}]
[2025-08-23T11:39:08.844Z] [WARNING] [RealTimeMonitor] [ALERT_TRIGGERED] [Session: session_1755945876979_d38pk22ly] [Outcome: SUCCESS]  [Details: {"rule":"High Memory Usage","event":"Performance event: 100ms","severity":"HIGH"}]
[2025-08-23T11:39:38.843Z] [WARNING] [RealTimeMonitor] [ALERT_TRIGGERED] [Session: session_1755945876979_d38pk22ly] [Outcome: SUCCESS]  [Details: {"rule":"High Memory Usage","event":"Performance event: 100ms","severity":"HIGH"}]
[2025-08-23T11:40:08.843Z] [WARNING] [RealTimeMonitor] [ALERT_TRIGGERED] [Session: session_1755945876979_d38pk22ly] [Outcome: SUCCESS]  [Details: {"rule":"High Memory Usage","event":"Performance event: 100ms","severity":"HIGH"}]
[2025-08-23T11:40:38.844Z] [WARNING] [RealTimeMonitor] [ALERT_TRIGGERED] [Session: session_1755945876979_d38pk22ly] [Outcome: SUCCESS]  [Details: {"rule":"High Memory Usage","event":"Performance event: 100ms","severity":"HIGH"}]
[2025-08-23T11:41:08.843Z] [WARNING] [RealTimeMonitor] [ALERT_TRIGGERED] [Session: session_1755945876979_d38pk22ly] [Outcome: SUCCESS]  [Details: {"rule":"High Memory Usage","event":"Performance event: 100ms","severity":"HIGH"}]
[2025-08-23T11:41:38.844Z] [WARNING] [RealTimeMonitor] [ALERT_TRIGGERED] [Session: session_1755945876979_d38pk22ly] [Outcome: SUCCESS]  [Details: {"rule":"High Memory Usage","event":"Performance event: 100ms","severity":"HIGH"}]
[2025-08-23T11:42:08.843Z] [WARNING] [RealTimeMonitor] [ALERT_TRIGGERED] [Session: session_1755945876979_d38pk22ly] [Outcome: SUCCESS]  [Details: {"rule":"High Memory Usage","event":"Performance event: 100ms","severity":"HIGH"}]
[2025-08-23T11:42:38.844Z] [WARNING] [RealTimeMonitor] [ALERT_TRIGGERED] [Session: session_1755945876979_d38pk22ly] [Outcome: SUCCESS]  [Details: {"rule":"High Memory Usage","event":"Performance event: 100ms","severity":"HIGH"}]
[2025-08-23T11:43:08.845Z] [WARNING] [RealTimeMonitor] [ALERT_TRIGGERED] [Session: session_1755945876979_d38pk22ly] [Outcome: SUCCESS]  [Details: {"rule":"High Memory Usage","event":"Performance event: 100ms","severity":"HIGH"}]
[2025-08-23T11:43:38.846Z] [WARNING] [RealTimeMonitor] [ALERT_TRIGGERED] [Session: session_1755945876979_d38pk22ly] [Outcome: SUCCESS]  [Details: {"rule":"High Memory Usage","event":"Performance event: 100ms","severity":"HIGH"}]
[2025-08-23T11:44:08.849Z] [WARNING] [RealTimeMonitor] [ALERT_TRIGGERED] [Session: session_1755945876979_d38pk22ly] [Outcome: SUCCESS]  [Details: {"rule":"High Memory Usage","event":"Performance event: 100ms","severity":"HIGH"}]
[2025-08-23T11:44:38.723Z] [INFO] [AuditManager] [AUDIT_EXPORT] [Session: session_1755945876979_d38pk22ly] [Outcome: SUCCESS]  [Details: {"fileName":"audit_events_2025-08-23T11-44-38-717Z.json","eventCount":1}]
[2025-08-23T11:44:38.853Z] [WARNING] [RealTimeMonitor] [ALERT_TRIGGERED] [Session: session_1755945876979_d38pk22ly] [Outcome: SUCCESS]  [Details: {"rule":"High Memory Usage","event":"Performance event: 100ms","severity":"HIGH"}]
[2025-08-23T11:45:08.854Z] [WARNING] [RealTimeMonitor] [ALERT_TRIGGERED] [Session: session_1755945876979_d38pk22ly] [Outcome: SUCCESS]  [Details: {"rule":"High Memory Usage","event":"Performance event: 100ms","severity":"HIGH"}]
[2025-08-23T11:45:39.259Z] [WARNING] [RealTimeMonitor] [ALERT_TRIGGERED] [Session: session_1755945876979_d38pk22ly] [Outcome: SUCCESS]  [Details: {"rule":"High Memory Usage","event":"Performance event: 100ms","severity":"HIGH"}]
[2025-08-23T11:46:09.258Z] [WARNING] [RealTimeMonitor] [ALERT_TRIGGERED] [Session: session_1755945876979_d38pk22ly] [Outcome: SUCCESS]  [Details: {"rule":"High Memory Usage","event":"Performance event: 100ms","severity":"HIGH"}]
[2025-08-23T11:46:39.259Z] [WARNING] [RealTimeMonitor] [ALERT_TRIGGERED] [Session: session_1755945876979_d38pk22ly] [Outcome: SUCCESS]  [Details: {"rule":"High Memory Usage","event":"Performance event: 100ms","severity":"HIGH"}]
[2025-08-23T11:47:09.667Z] [WARNING] [RealTimeMonitor] [ALERT_TRIGGERED] [Session: session_1755945876979_d38pk22ly] [Outcome: SUCCESS]  [Details: {"rule":"High Memory Usage","event":"Performance event: 100ms","severity":"HIGH"}]
[2025-08-23T11:47:39.667Z] [WARNING] [RealTimeMonitor] [ALERT_TRIGGERED] [Session: session_1755945876979_d38pk22ly] [Outcome: SUCCESS]  [Details: {"rule":"High Memory Usage","event":"Performance event: 100ms","severity":"HIGH"}]
[2025-08-23T11:48:09.668Z] [WARNING] [RealTimeMonitor] [ALERT_TRIGGERED] [Session: session_1755945876979_d38pk22ly] [Outcome: SUCCESS]  [Details: {"rule":"High Memory Usage","event":"Performance event: 100ms","severity":"HIGH"}]
[2025-08-23T11:48:39.668Z] [WARNING] [RealTimeMonitor] [ALERT_TRIGGERED] [Session: session_1755945876979_d38pk22ly] [Outcome: SUCCESS]  [Details: {"rule":"High Memory Usage","event":"Performance event: 100ms","severity":"HIGH"}]
[2025-08-23T11:49:10.079Z] [WARNING] [RealTimeMonitor] [ALERT_TRIGGERED] [Session: session_1755945876979_d38pk22ly] [Outcome: SUCCESS]  [Details: {"rule":"High Memory Usage","event":"Performance event: 100ms","severity":"HIGH"}]
[2025-08-23T11:49:40.583Z] [WARNING] [RealTimeMonitor] [ALERT_TRIGGERED] [Session: session_1755945876979_d38pk22ly] [Outcome: SUCCESS]  [Details: {"rule":"High Memory Usage","event":"Performance event: 100ms","severity":"HIGH"}]
[2025-08-23T11:50:11.077Z] [WARNING] [RealTimeMonitor] [ALERT_TRIGGERED] [Session: session_1755945876979_d38pk22ly] [Outcome: SUCCESS]  [Details: {"rule":"High Memory Usage","event":"Performance event: 100ms","severity":"HIGH"}]
[2025-08-23T11:50:41.628Z] [WARNING] [RealTimeMonitor] [ALERT_TRIGGERED] [Session: session_1755945876979_d38pk22ly] [Outcome: SUCCESS]  [Details: {"rule":"High Memory Usage","event":"Performance event: 100ms","severity":"HIGH"}]
[2025-08-23T11:51:12.147Z] [WARNING] [RealTimeMonitor] [ALERT_TRIGGERED] [Session: session_1755945876979_d38pk22ly] [Outcome: SUCCESS]  [Details: {"rule":"High Memory Usage","event":"Performance event: 100ms","severity":"HIGH"}]
[2025-08-23T11:51:42.731Z] [WARNING] [RealTimeMonitor] [ALERT_TRIGGERED] [Session: session_1755945876979_d38pk22ly] [Outcome: SUCCESS]  [Details: {"rule":"High Memory Usage","event":"Performance event: 100ms","severity":"HIGH"}]
[2025-08-23T11:52:12.793Z] [WARNING] [RealTimeMonitor] [ALERT_TRIGGERED] [Session: session_1755945876979_d38pk22ly] [Outcome: SUCCESS]  [Details: {"rule":"High Memory Usage","event":"Performance event: 100ms","severity":"HIGH"}]
[2025-08-23T11:52:43.299Z] [WARNING] [RealTimeMonitor] [ALERT_TRIGGERED] [Session: session_1755945876979_d38pk22ly] [Outcome: SUCCESS]  [Details: {"rule":"High Memory Usage","event":"Performance event: 100ms","severity":"HIGH"}]
[2025-08-23T11:53:13.837Z] [WARNING] [RealTimeMonitor] [ALERT_TRIGGERED] [Session: session_1755945876979_d38pk22ly] [Outcome: SUCCESS]  [Details: {"rule":"High Memory Usage","event":"Performance event: 100ms","severity":"HIGH"}]
[2025-08-23T11:53:44.368Z] [WARNING] [RealTimeMonitor] [ALERT_TRIGGERED] [Session: session_1755945876979_d38pk22ly] [Outcome: SUCCESS]  [Details: {"rule":"High Memory Usage","event":"Performance event: 100ms","severity":"HIGH"}]
[2025-08-23T11:54:14.887Z] [WARNING] [RealTimeMonitor] [ALERT_TRIGGERED] [Session: session_1755945876979_d38pk22ly] [Outcome: SUCCESS]  [Details: {"rule":"High Memory Usage","event":"Performance event: 100ms","severity":"HIGH"}]
[2025-08-23T11:54:45.418Z] [WARNING] [RealTimeMonitor] [ALERT_TRIGGERED] [Session: session_1755945876979_d38pk22ly] [Outcome: SUCCESS]  [Details: {"rule":"High Memory Usage","event":"Performance event: 100ms","severity":"HIGH"}]
[2025-08-23T11:55:15.943Z] [WARNING] [RealTimeMonitor] [ALERT_TRIGGERED] [Session: session_1755945876979_d38pk22ly] [Outcome: SUCCESS]  [Details: {"rule":"High Memory Usage","event":"Performance event: 100ms","severity":"HIGH"}]
[2025-08-23T11:55:45.944Z] [WARNING] [RealTimeMonitor] [ALERT_TRIGGERED] [Session: session_1755945876979_d38pk22ly] [Outcome: SUCCESS]  [Details: {"rule":"High Memory Usage","event":"Performance event: 100ms","severity":"HIGH"}]
[2025-08-23T11:56:16.408Z] [WARNING] [RealTimeMonitor] [ALERT_TRIGGERED] [Session: session_1755945876979_d38pk22ly] [Outcome: SUCCESS]  [Details: {"rule":"High Memory Usage","event":"Performance event: 100ms","severity":"HIGH"}]
[2025-08-23T11:56:46.895Z] [WARNING] [RealTimeMonitor] [ALERT_TRIGGERED] [Session: session_1755945876979_d38pk22ly] [Outcome: SUCCESS]  [Details: {"rule":"High Memory Usage","event":"Performance event: 100ms","severity":"HIGH"}]
[2025-08-23T11:57:17.372Z] [WARNING] [RealTimeMonitor] [ALERT_TRIGGERED] [Session: session_1755945876979_d38pk22ly] [Outcome: SUCCESS]  [Details: {"rule":"High Memory Usage","event":"Performance event: 100ms","severity":"HIGH"}]
[2025-08-23T11:57:47.853Z] [WARNING] [RealTimeMonitor] [ALERT_TRIGGERED] [Session: session_1755945876979_d38pk22ly] [Outcome: SUCCESS]  [Details: {"rule":"High Memory Usage","event":"Performance event: 100ms","severity":"HIGH"}]
[2025-08-23T11:58:18.375Z] [WARNING] [RealTimeMonitor] [ALERT_TRIGGERED] [Session: session_1755945876979_d38pk22ly] [Outcome: SUCCESS]  [Details: {"rule":"High Memory Usage","event":"Performance event: 100ms","severity":"HIGH"}]
[2025-08-23T11:58:48.805Z] [WARNING] [RealTimeMonitor] [ALERT_TRIGGERED] [Session: session_1755945876979_d38pk22ly] [Outcome: SUCCESS]  [Details: {"rule":"High Memory Usage","event":"Performance event: 100ms","severity":"HIGH"}]
[2025-08-23T11:59:18.806Z] [WARNING] [RealTimeMonitor] [ALERT_TRIGGERED] [Session: session_1755945876979_d38pk22ly] [Outcome: SUCCESS]  [Details: {"rule":"High Memory Usage","event":"Performance event: 100ms","severity":"HIGH"}]
[2025-08-23T11:59:49.293Z] [WARNING] [RealTimeMonitor] [ALERT_TRIGGERED] [Session: session_1755945876979_d38pk22ly] [Outcome: SUCCESS]  [Details: {"rule":"High Memory Usage","event":"Performance event: 100ms","severity":"HIGH"}]
[2025-08-23T12:00:19.774Z] [WARNING] [RealTimeMonitor] [ALERT_TRIGGERED] [Session: session_1755945876979_d38pk22ly] [Outcome: SUCCESS]  [Details: {"rule":"High Memory Usage","event":"Performance event: 100ms","severity":"HIGH"}]
[2025-08-23T12:00:50.258Z] [WARNING] [RealTimeMonitor] [ALERT_TRIGGERED] [Session: session_1755945876979_d38pk22ly] [Outcome: SUCCESS]  [Details: {"rule":"High Memory Usage","event":"Performance event: 100ms","severity":"HIGH"}]
[2025-08-23T12:01:20.736Z] [WARNING] [RealTimeMonitor] [ALERT_TRIGGERED] [Session: session_1755945876979_d38pk22ly] [Outcome: SUCCESS]  [Details: {"rule":"High Memory Usage","event":"Performance event: 100ms","severity":"HIGH"}]
[2025-08-23T12:01:51.194Z] [WARNING] [RealTimeMonitor] [ALERT_TRIGGERED] [Session: session_1755945876979_d38pk22ly] [Outcome: SUCCESS]  [Details: {"rule":"High Memory Usage","event":"Performance event: 100ms","severity":"HIGH"}]
[2025-08-23T12:02:21.608Z] [WARNING] [RealTimeMonitor] [ALERT_TRIGGERED] [Session: session_1755945876979_d38pk22ly] [Outcome: SUCCESS]  [Details: {"rule":"High Memory Usage","event":"Performance event: 100ms","severity":"HIGH"}]
[2025-08-23T12:02:52.135Z] [WARNING] [RealTimeMonitor] [ALERT_TRIGGERED] [Session: session_1755945876979_d38pk22ly] [Outcome: SUCCESS]  [Details: {"rule":"High Memory Usage","event":"Performance event: 100ms","severity":"HIGH"}]
[2025-08-23T12:03:22.612Z] [WARNING] [RealTimeMonitor] [ALERT_TRIGGERED] [Session: session_1755945876979_d38pk22ly] [Outcome: SUCCESS]  [Details: {"rule":"High Memory Usage","event":"Performance event: 100ms","severity":"HIGH"}]
[2025-08-23T12:03:53.103Z] [WARNING] [RealTimeMonitor] [ALERT_TRIGGERED] [Session: session_1755945876979_d38pk22ly] [Outcome: SUCCESS]  [Details: {"rule":"High Memory Usage","event":"Performance event: 100ms","severity":"HIGH"}]
[2025-08-23T12:04:23.599Z] [WARNING] [RealTimeMonitor] [ALERT_TRIGGERED] [Session: session_1755945876979_d38pk22ly] [Outcome: SUCCESS]  [Details: {"rule":"High Memory Usage","event":"Performance event: 100ms","severity":"HIGH"}]
[2025-08-23T12:04:54.101Z] [WARNING] [RealTimeMonitor] [ALERT_TRIGGERED] [Session: session_1755945876979_d38pk22ly] [Outcome: SUCCESS]  [Details: {"rule":"High Memory Usage","event":"Performance event: 100ms","severity":"HIGH"}]
[2025-08-23T12:05:24.596Z] [WARNING] [RealTimeMonitor] [ALERT_TRIGGERED] [Session: session_1755945876979_d38pk22ly] [Outcome: SUCCESS]  [Details: {"rule":"High Memory Usage","event":"Performance event: 100ms","severity":"HIGH"}]
[2025-08-23T12:05:55.085Z] [WARNING] [RealTimeMonitor] [ALERT_TRIGGERED] [Session: session_1755945876979_d38pk22ly] [Outcome: SUCCESS]  [Details: {"rule":"High Memory Usage","event":"Performance event: 100ms","severity":"HIGH"}]
[2025-08-23T12:06:25.086Z] [WARNING] [RealTimeMonitor] [ALERT_TRIGGERED] [Session: session_1755945876979_d38pk22ly] [Outcome: SUCCESS]  [Details: {"rule":"High Memory Usage","event":"Performance event: 100ms","severity":"HIGH"}]
[2025-08-23T12:06:55.589Z] [WARNING] [RealTimeMonitor] [ALERT_TRIGGERED] [Session: session_1755945876979_d38pk22ly] [Outcome: SUCCESS]  [Details: {"rule":"High Memory Usage","event":"Performance event: 100ms","severity":"HIGH"}]
[2025-08-23T12:07:26.083Z] [WARNING] [RealTimeMonitor] [ALERT_TRIGGERED] [Session: session_1755945876979_d38pk22ly] [Outcome: SUCCESS]  [Details: {"rule":"High Memory Usage","event":"Performance event: 100ms","severity":"HIGH"}]
[2025-08-23T12:07:56.590Z] [WARNING] [RealTimeMonitor] [ALERT_TRIGGERED] [Session: session_1755945876979_d38pk22ly] [Outcome: SUCCESS]  [Details: {"rule":"High Memory Usage","event":"Performance event: 100ms","severity":"HIGH"}]
[2025-08-23T12:08:27.406Z] [WARNING] [RealTimeMonitor] [ALERT_TRIGGERED] [Session: session_1755945876979_d38pk22ly] [Outcome: SUCCESS]  [Details: {"rule":"High Memory Usage","event":"Performance event: 100ms","severity":"HIGH"}]
[2025-08-23T12:08:57.406Z] [WARNING] [RealTimeMonitor] [ALERT_TRIGGERED] [Session: session_1755945876979_d38pk22ly] [Outcome: SUCCESS]  [Details: {"rule":"High Memory Usage","event":"Performance event: 100ms","severity":"HIGH"}]
[2025-08-23T12:09:28.009Z] [WARNING] [RealTimeMonitor] [ALERT_TRIGGERED] [Session: session_1755945876979_d38pk22ly] [Outcome: SUCCESS]  [Details: {"rule":"High Memory Usage","event":"Performance event: 100ms","severity":"HIGH"}]
[2025-08-23T12:09:58.547Z] [WARNING] [RealTimeMonitor] [ALERT_TRIGGERED] [Session: session_1755945876979_d38pk22ly] [Outcome: SUCCESS]  [Details: {"rule":"High Memory Usage","event":"Performance event: 100ms","severity":"HIGH"}]
[2025-08-23T12:10:29.140Z] [WARNING] [RealTimeMonitor] [ALERT_TRIGGERED] [Session: session_1755945876979_d38pk22ly] [Outcome: SUCCESS]  [Details: {"rule":"High Memory Usage","event":"Performance event: 100ms","severity":"HIGH"}]
[2025-08-23T12:10:59.710Z] [WARNING] [RealTimeMonitor] [ALERT_TRIGGERED] [Session: session_1755945876979_d38pk22ly] [Outcome: SUCCESS]  [Details: {"rule":"High Memory Usage","event":"Performance event: 100ms","severity":"HIGH"}]
[2025-08-23T12:11:30.274Z] [WARNING] [RealTimeMonitor] [ALERT_TRIGGERED] [Session: session_1755945876979_d38pk22ly] [Outcome: SUCCESS]  [Details: {"rule":"High Memory Usage","event":"Performance event: 100ms","severity":"HIGH"}]
[2025-08-23T12:12:00.913Z] [WARNING] [RealTimeMonitor] [ALERT_TRIGGERED] [Session: session_1755945876979_d38pk22ly] [Outcome: SUCCESS]  [Details: {"rule":"High Memory Usage","event":"Performance event: 100ms","severity":"HIGH"}]
[2025-08-23T12:12:31.472Z] [WARNING] [RealTimeMonitor] [ALERT_TRIGGERED] [Session: session_1755945876979_d38pk22ly] [Outcome: SUCCESS]  [Details: {"rule":"High Memory Usage","event":"Performance event: 100ms","severity":"HIGH"}]
[2025-08-23T12:13:02.094Z] [WARNING] [RealTimeMonitor] [ALERT_TRIGGERED] [Session: session_1755945876979_d38pk22ly] [Outcome: SUCCESS]  [Details: {"rule":"High Memory Usage","event":"Performance event: 100ms","severity":"HIGH"}]
[2025-08-23T12:13:32.094Z] [WARNING] [RealTimeMonitor] [ALERT_TRIGGERED] [Session: session_1755945876979_d38pk22ly] [Outcome: SUCCESS]  [Details: {"rule":"High Memory Usage","event":"Performance event: 100ms","severity":"HIGH"}]
[2025-08-23T12:14:02.690Z] [WARNING] [RealTimeMonitor] [ALERT_TRIGGERED] [Session: session_1755945876979_d38pk22ly] [Outcome: SUCCESS]  [Details: {"rule":"High Memory Usage","event":"Performance event: 100ms","severity":"HIGH"}]
[2025-08-23T12:14:33.284Z] [WARNING] [RealTimeMonitor] [ALERT_TRIGGERED] [Session: session_1755945876979_d38pk22ly] [Outcome: SUCCESS]  [Details: {"rule":"High Memory Usage","event":"Performance event: 100ms","severity":"HIGH"}]
[2025-08-23T12:15:03.882Z] [WARNING] [RealTimeMonitor] [ALERT_TRIGGERED] [Session: session_1755945876979_d38pk22ly] [Outcome: SUCCESS]  [Details: {"rule":"High Memory Usage","event":"Performance event: 100ms","severity":"HIGH"}]
[2025-08-23T12:15:34.520Z] [WARNING] [RealTimeMonitor] [ALERT_TRIGGERED] [Session: session_1755945876979_d38pk22ly] [Outcome: SUCCESS]  [Details: {"rule":"High Memory Usage","event":"Performance event: 100ms","severity":"HIGH"}]
[2025-08-23T12:16:04.521Z] [WARNING] [RealTimeMonitor] [ALERT_TRIGGERED] [Session: session_1755945876979_d38pk22ly] [Outcome: SUCCESS]  [Details: {"rule":"High Memory Usage","event":"Performance event: 100ms","severity":"HIGH"}]
[2025-08-23T12:16:34.521Z] [WARNING] [RealTimeMonitor] [ALERT_TRIGGERED] [Session: session_1755945876979_d38pk22ly] [Outcome: SUCCESS]  [Details: {"rule":"High Memory Usage","event":"Performance event: 100ms","severity":"HIGH"}]
[2025-08-23T12:17:04.522Z] [WARNING] [RealTimeMonitor] [ALERT_TRIGGERED] [Session: session_1755945876979_d38pk22ly] [Outcome: SUCCESS]  [Details: {"rule":"High Memory Usage","event":"Performance event: 100ms","severity":"HIGH"}]
[2025-08-23T12:17:34.522Z] [WARNING] [RealTimeMonitor] [ALERT_TRIGGERED] [Session: session_1755945876979_d38pk22ly] [Outcome: SUCCESS]  [Details: {"rule":"High Memory Usage","event":"Performance event: 100ms","severity":"HIGH"}]
[2025-08-23T12:18:04.522Z] [WARNING] [RealTimeMonitor] [ALERT_TRIGGERED] [Session: session_1755945876979_d38pk22ly] [Outcome: SUCCESS]  [Details: {"rule":"High Memory Usage","event":"Performance event: 100ms","severity":"HIGH"}]
[2025-08-23T12:18:34.522Z] [WARNING] [RealTimeMonitor] [ALERT_TRIGGERED] [Session: session_1755945876979_d38pk22ly] [Outcome: SUCCESS]  [Details: {"rule":"High Memory Usage","event":"Performance event: 100ms","severity":"HIGH"}]
[2025-08-23T12:19:04.523Z] [WARNING] [RealTimeMonitor] [ALERT_TRIGGERED] [Session: session_1755945876979_d38pk22ly] [Outcome: SUCCESS]  [Details: {"rule":"High Memory Usage","event":"Performance event: 100ms","severity":"HIGH"}]
[2025-08-23T12:19:34.523Z] [WARNING] [RealTimeMonitor] [ALERT_TRIGGERED] [Session: session_1755945876979_d38pk22ly] [Outcome: SUCCESS]  [Details: {"rule":"High Memory Usage","event":"Performance event: 100ms","severity":"HIGH"}]
[2025-08-23T12:20:04.523Z] [WARNING] [RealTimeMonitor] [ALERT_TRIGGERED] [Session: session_1755945876979_d38pk22ly] [Outcome: SUCCESS]  [Details: {"rule":"High Memory Usage","event":"Performance event: 100ms","severity":"HIGH"}]
[2025-08-23T12:20:34.523Z] [WARNING] [RealTimeMonitor] [ALERT_TRIGGERED] [Session: session_1755945876979_d38pk22ly] [Outcome: SUCCESS]  [Details: {"rule":"High Memory Usage","event":"Performance event: 100ms","severity":"HIGH"}]
[2025-08-23T12:21:04.965Z] [WARNING] [RealTimeMonitor] [ALERT_TRIGGERED] [Session: session_1755945876979_d38pk22ly] [Outcome: SUCCESS]  [Details: {"rule":"High Memory Usage","event":"Performance event: 100ms","severity":"HIGH"}]
[2025-08-23T12:21:35.541Z] [WARNING] [RealTimeMonitor] [ALERT_TRIGGERED] [Session: session_1755945876979_d38pk22ly] [Outcome: SUCCESS]  [Details: {"rule":"High Memory Usage","event":"Performance event: 100ms","severity":"HIGH"}]
[2025-08-23T12:22:06.083Z] [WARNING] [RealTimeMonitor] [ALERT_TRIGGERED] [Session: session_1755945876979_d38pk22ly] [Outcome: SUCCESS]  [Details: {"rule":"High Memory Usage","event":"Performance event: 100ms","severity":"HIGH"}]
[2025-08-23T12:22:36.669Z] [WARNING] [RealTimeMonitor] [ALERT_TRIGGERED] [Session: session_1755945876979_d38pk22ly] [Outcome: SUCCESS]  [Details: {"rule":"High Memory Usage","event":"Performance event: 100ms","severity":"HIGH"}]
[2025-08-23T12:23:07.081Z] [WARNING] [RealTimeMonitor] [ALERT_TRIGGERED] [Session: session_1755945876979_d38pk22ly] [Outcome: SUCCESS]  [Details: {"rule":"High Memory Usage","event":"Performance event: 100ms","severity":"HIGH"}]
[2025-08-23T12:23:37.607Z] [WARNING] [RealTimeMonitor] [ALERT_TRIGGERED] [Session: session_1755945876979_d38pk22ly] [Outcome: SUCCESS]  [Details: {"rule":"High Memory Usage","event":"Performance event: 100ms","severity":"HIGH"}]
[2025-08-23T12:24:08.079Z] [WARNING] [RealTimeMonitor] [ALERT_TRIGGERED] [Session: session_1755945876979_d38pk22ly] [Outcome: SUCCESS]  [Details: {"rule":"High Memory Usage","event":"Performance event: 100ms","severity":"HIGH"}]
[2025-08-23T12:24:38.079Z] [WARNING] [RealTimeMonitor] [ALERT_TRIGGERED] [Session: session_1755945876979_d38pk22ly] [Outcome: SUCCESS]  [Details: {"rule":"High Memory Usage","event":"Performance event: 100ms","severity":"HIGH"}]
[2025-08-23T12:25:08.580Z] [WARNING] [RealTimeMonitor] [ALERT_TRIGGERED] [Session: session_1755945876979_d38pk22ly] [Outcome: SUCCESS]  [Details: {"rule":"High Memory Usage","event":"Performance event: 100ms","severity":"HIGH"}]
[2025-08-23T12:25:39.081Z] [WARNING] [RealTimeMonitor] [ALERT_TRIGGERED] [Session: session_1755945876979_d38pk22ly] [Outcome: SUCCESS]  [Details: {"rule":"High Memory Usage","event":"Performance event: 100ms","severity":"HIGH"}]
[2025-08-23T12:26:09.582Z] [WARNING] [RealTimeMonitor] [ALERT_TRIGGERED] [Session: session_1755945876979_d38pk22ly] [Outcome: SUCCESS]  [Details: {"rule":"High Memory Usage","event":"Performance event: 100ms","severity":"HIGH"}]
